18:48:10: Status code: 200
18:48:10: Message: Model is ready.
19:09:32: Status code: 200
19:09:32: Message: Model is ready.
19:09:44: Status code: 200
19:09:44: Message: Model is ready.
19:09:51: Status code: 200
19:09:51: Message: Model is ready.
19:10:41: Status code: 200
19:10:41: Message: Model is ready.
19:10:44: 
19:11:17: Status code: 200
19:11:17: Message: Model is ready.
19:11:20: User id: 2
19:11:38: Status code: 200
19:11:38: Message: Model is ready.
19:11:41: User id: 2
19:12:15: Status code: 200
19:12:15: Message: Model is ready.
19:12:18: User id: 2
19:13:12: Status code: 200
19:13:12: Message: Model is ready.
19:13:16: User id: 2
19:16:16: Status code: 200
19:16:16: Message: Model is ready.
19:16:19: User id: 2
19:16:19: Response:
19:16:19: Status Code: 422
19:16:19: Message: {'detail': [{'type': 'missing', 'loc': ['query', 'request'], 'msg': 'Field required', 'input': None}]}
19:16:19: User id: 3
19:16:19: Response:
19:16:19: Status Code: 422
19:16:19: Message: {'detail': [{'type': 'missing', 'loc': ['query', 'request'], 'msg': 'Field required', 'input': None}]}
19:16:19: User id: 4
19:16:19: Response:
19:16:19: Status Code: 422
19:16:19: Message: {'detail': [{'type': 'missing', 'loc': ['query', 'request'], 'msg': 'Field required', 'input': None}]}
19:17:27: Status code: 200
19:17:27: Message: Model is ready.
19:17:30: User id: 2
19:17:30: Response:
19:17:30: Status Code: 422
19:17:30: Message: {'detail': [{'type': 'missing', 'loc': ['query', 'request'], 'msg': 'Field required', 'input': None}]}
19:17:30: User id: 3
19:17:30: Response:
19:17:30: Status Code: 422
19:17:30: Message: {'detail': [{'type': 'missing', 'loc': ['query', 'request'], 'msg': 'Field required', 'input': None}]}
19:17:30: User id: 4
19:17:30: Response:
19:17:30: Status Code: 422
19:17:30: Message: {'detail': [{'type': 'missing', 'loc': ['query', 'request'], 'msg': 'Field required', 'input': None}]}
19:17:41: Status code: 200
19:17:41: Message: Model is ready.
19:17:44: User id: 2
19:17:44: Response:
19:17:44: Status Code: 422
19:17:44: Message: {'detail': [{'type': 'missing', 'loc': ['query', 'request'], 'msg': 'Field required', 'input': None}]}
19:17:44: User id: 3
19:17:44: Response:
19:17:44: Status Code: 422
19:17:44: Message: {'detail': [{'type': 'missing', 'loc': ['query', 'request'], 'msg': 'Field required', 'input': None}]}
19:17:44: User id: 4
19:17:44: Response:
19:17:44: Status Code: 422
19:17:44: Message: {'detail': [{'type': 'missing', 'loc': ['query', 'request'], 'msg': 'Field required', 'input': None}]}
19:18:32: Status code: 200
19:18:32: Message: Model is ready.
19:18:35: User id: 2
19:18:35: Response:
19:18:35: Status Code: 422
19:18:35: Message: {'detail': [{'type': 'missing', 'loc': ['query', 'request'], 'msg': 'Field required', 'input': None}]}
19:18:35: User id: 3
19:18:35: Response:
19:18:35: Status Code: 422
19:18:35: Message: {'detail': [{'type': 'missing', 'loc': ['query', 'request'], 'msg': 'Field required', 'input': None}]}
19:18:35: User id: 4
19:18:35: Response:
19:18:35: Status Code: 422
19:18:35: Message: {'detail': [{'type': 'missing', 'loc': ['query', 'request'], 'msg': 'Field required', 'input': None}]}
19:20:17: Status code: 200
19:20:17: Message: Model is ready.
19:20:36: Status code: 200
19:20:36: Message: Model is ready.
19:20:39: User id: 2
19:20:39: Response:
19:20:39: Status Code: 422
19:20:39: Message: {'detail': [{'type': 'missing', 'loc': ['query', 'request'], 'msg': 'Field required', 'input': None}]}
19:20:39: User id: 3
19:20:39: Response:
19:20:39: Status Code: 422
19:20:39: Message: {'detail': [{'type': 'missing', 'loc': ['query', 'request'], 'msg': 'Field required', 'input': None}]}
19:20:39: User id: 4
19:20:39: Response:
19:20:39: Status Code: 422
19:20:39: Message: {'detail': [{'type': 'missing', 'loc': ['query', 'request'], 'msg': 'Field required', 'input': None}]}
19:20:48: Status code: 200
19:20:48: Message: Model is ready.
19:20:51: User id: 2
19:20:51: Response:
19:20:51: Status Code: 422
19:20:51: Message: {'detail': [{'type': 'missing', 'loc': ['query', 'request'], 'msg': 'Field required', 'input': None}]}
19:20:51: User id: 3
19:20:51: Response:
19:20:51: Status Code: 422
19:20:51: Message: {'detail': [{'type': 'missing', 'loc': ['query', 'request'], 'msg': 'Field required', 'input': None}]}
19:20:51: User id: 4
19:20:51: Response:
19:20:51: Status Code: 422
19:20:51: Message: {'detail': [{'type': 'missing', 'loc': ['query', 'request'], 'msg': 'Field required', 'input': None}]}
19:21:11: Status code: 200
19:21:11: Message: Model is ready.
19:21:14: User id: 2
19:21:14: Response:
19:21:14: Status Code: 422
19:21:14: Message: {'detail': [{'type': 'missing', 'loc': ['query', 'request'], 'msg': 'Field required', 'input': None}]}
19:21:14: User id: 3
19:21:14: Response:
19:21:14: Status Code: 422
19:21:14: Message: {'detail': [{'type': 'missing', 'loc': ['query', 'request'], 'msg': 'Field required', 'input': None}]}
19:21:14: User id: 4
19:21:14: Response:
19:21:14: Status Code: 422
19:21:14: Message: {'detail': [{'type': 'missing', 'loc': ['query', 'request'], 'msg': 'Field required', 'input': None}]}
19:22:14: Status code: 200
19:22:14: Message: Model is ready.
19:22:16: User id: 2
19:22:16: Response:
19:22:16: Status Code: 422
19:22:16: Message: {'detail': [{'type': 'missing', 'loc': ['query', 'request'], 'msg': 'Field required', 'input': None}]}
19:22:16: User id: 3
19:22:16: Response:
19:22:16: Status Code: 422
19:22:16: Message: {'detail': [{'type': 'missing', 'loc': ['query', 'request'], 'msg': 'Field required', 'input': None}]}
19:22:16: User id: 4
19:22:16: Response:
19:22:16: Status Code: 422
19:22:16: Message: {'detail': [{'type': 'missing', 'loc': ['query', 'request'], 'msg': 'Field required', 'input': None}]}
19:22:28: Status code: 200
19:22:28: Message: Model is ready.
19:22:31: User id: 2
19:22:31: Response:
19:22:31: Status Code: 200
19:22:31: Message: user_id
19:22:31: User id: 3
19:22:31: Response:
19:22:31: Status Code: 200
19:22:31: Message: user_id
19:22:31: User id: 4
19:22:31: Response:
19:22:31: Status Code: 200
19:22:31: Message: user_id
19:22:49: Status code: 200
19:22:49: Message: Model is ready.
19:22:52: User id: 2
19:22:52: Response:
19:22:52: Status Code: 200
19:22:52: Message: user_id
19:22:52: User id: 3
19:22:52: Response:
19:22:52: Status Code: 200
19:22:52: Message: user_id
19:22:52: User id: 4
19:22:52: Response:
19:22:52: Status Code: 200
19:22:52: Message: user_id
19:23:02: Status code: 200
19:23:02: Message: Model is ready.
19:23:04: User id: 2
19:23:04: Response:
19:23:04: Status Code: 422
19:23:04: Message: {'detail': [{'type': 'missing', 'loc': ['query', 'params'], 'msg': 'Field required', 'input': None}]}
19:23:04: User id: 3
19:23:04: Response:
19:23:04: Status Code: 422
19:23:04: Message: {'detail': [{'type': 'missing', 'loc': ['query', 'params'], 'msg': 'Field required', 'input': None}]}
19:23:04: User id: 4
19:23:04: Response:
19:23:04: Status Code: 422
19:23:04: Message: {'detail': [{'type': 'missing', 'loc': ['query', 'params'], 'msg': 'Field required', 'input': None}]}
19:23:14: Status code: 200
19:23:14: Message: Model is ready.
19:23:16: User id: 2
19:23:16: Response:
19:23:16: Status Code: 422
19:23:16: Message: {'detail': [{'type': 'missing', 'loc': ['query', 'params'], 'msg': 'Field required', 'input': None}]}
19:23:16: User id: 3
19:23:16: Response:
19:23:16: Status Code: 422
19:23:16: Message: {'detail': [{'type': 'missing', 'loc': ['query', 'params'], 'msg': 'Field required', 'input': None}]}
19:23:16: User id: 4
19:23:16: Response:
19:23:16: Status Code: 422
19:23:16: Message: {'detail': [{'type': 'missing', 'loc': ['query', 'params'], 'msg': 'Field required', 'input': None}]}
19:23:47: Status code: 200
19:23:47: Message: Model is ready.
19:23:50: User id: 2
19:23:50: Response:
19:23:50: Status Code: 422
19:23:50: Message: {'detail': [{'type': 'missing', 'loc': ['query', 'params'], 'msg': 'Field required', 'input': None}]}
19:23:50: User id: 3
19:23:50: Response:
19:23:50: Status Code: 422
19:23:50: Message: {'detail': [{'type': 'missing', 'loc': ['query', 'params'], 'msg': 'Field required', 'input': None}]}
19:23:50: User id: 4
19:23:50: Response:
19:23:50: Status Code: 422
19:23:50: Message: {'detail': [{'type': 'missing', 'loc': ['query', 'params'], 'msg': 'Field required', 'input': None}]}
